# JRE version: Java(TM) SE Runtime Environment (8.0_77-b03) (build 1.8.0_77-b03)
# Java VM: Java HotSpot(TM) 64-Bit Server VM (25.77-b03 mixed mode linux-amd64 compressed oops)
Heap:
 PSYoungGen      total 137216K, used 78549K [0x00000000eab00000, 0x00000000f5400000, 0x0000000100000000)
  eden space 111616K, 55% used [0x00000000eab00000,0x00000000ee7e2920,0x00000000f1800000)
  from space 25600K, 63% used [0x00000000f3b00000,0x00000000f4ad2cc8,0x00000000f5400000)
  to   space 30720K, 0% used [0x00000000f1800000,0x00000000f1800000,0x00000000f3600000)
 ParOldGen       total 200704K, used 183510K [0x00000000c0000000, 0x00000000cc400000, 0x00000000eab00000)
  object space 200704K, 91% used [0x00000000c0000000,0x00000000cb335830,0x00000000cc400000)
 Metaspace       used 132611K, capacity 149780K, committed 149840K, reserved 1177600K
  class space    used 16710K, capacity 21588K, committed 21632K, reserved 1048576K
GC Heap History (10 events):
Event: 2281.093 GC heap before
{Heap before GC invocations=95 (full 5):
 PSYoungGen      total 148992K, used 148543K [0x00000000eab00000, 0x00000000f7080000, 0x0000000100000000)
  eden space 133632K, 100% used [0x00000000eab00000,0x00000000f2d80000,0x00000000f2d80000)
  from space 15360K, 97% used [0x00000000f3280000,0x00000000f410fdc0,0x00000000f4180000)
  to   space 34304K, 0% used [0x00000000f4f00000,0x00000000f4f00000,0x00000000f7080000)
 ParOldGen       total 200704K, used 180957K [0x00000000c0000000, 0x00000000cc400000, 0x00000000eab00000)
  object space 200704K, 90% used [0x00000000c0000000,0x00000000cb0b7490,0x00000000cc400000)
 Metaspace       used 132437K, capacity 149566K, committed 149840K, reserved 1177600K
  class space    used 16680K, capacity 21555K, committed 21632K, reserved 1048576K
Event: 2281.127 GC heap after
Heap after GC invocations=95 (full 5):
 PSYoungGen      total 157696K, used 13458K [0x00000000eab00000, 0x00000000f6b00000, 0x0000000100000000)
  eden space 129024K, 0% used [0x00000000eab00000,0x00000000eab00000,0x00000000f2900000)
  from space 28672K, 46% used [0x00000000f4f00000,0x00000000f5c24998,0x00000000f6b00000)
  to   space 33792K, 0% used [0x00000000f2900000,0x00000000f2900000,0x00000000f4a00000)
 ParOldGen       total 200704K, used 181213K [0x00000000c0000000, 0x00000000cc400000, 0x00000000eab00000)
  object space 200704K, 90% used [0x00000000c0000000,0x00000000cb0f7490,0x00000000cc400000)
 Metaspace       used 132437K, capacity 149566K, committed 149840K, reserved 1177600K
  class space    used 16680K, capacity 21555K, committed 21632K, reserved 1048576K
}
Event: 2284.726 GC heap before
{Heap before GC invocations=96 (full 5):
 PSYoungGen      total 157696K, used 142482K [0x00000000eab00000, 0x00000000f6b00000, 0x0000000100000000)
  eden space 129024K, 100% used [0x00000000eab00000,0x00000000f2900000,0x00000000f2900000)
  from space 28672K, 46% used [0x00000000f4f00000,0x00000000f5c24998,0x00000000f6b00000)
  to   space 33792K, 0% used [0x00000000f2900000,0x00000000f2900000,0x00000000f4a00000)
 ParOldGen       total 200704K, used 181213K [0x00000000c0000000, 0x00000000cc400000, 0x00000000eab00000)
  object space 200704K, 90% used [0x00000000c0000000,0x00000000cb0f7490,0x00000000cc400000)
 Metaspace       used 132452K, capacity 149572K, committed 149840K, reserved 1177600K
  class space    used 16680K, capacity 21556K, committed 21632K, reserved 1048576K
Event: 2284.746 GC heap after
Heap after GC invocations=96 (full 5):
 PSYoungGen      total 137728K, used 13171K [0x00000000eab00000, 0x00000000f6580000, 0x0000000100000000)
  eden space 124416K, 0% used [0x00000000eab00000,0x00000000eab00000,0x00000000f2480000)
  from space 13312K, 98% used [0x00000000f2900000,0x00000000f35dcc98,0x00000000f3600000)
  to   space 33280K, 0% used [0x00000000f4500000,0x00000000f4500000,0x00000000f6580000)
 ParOldGen       total 200704K, used 181781K [0x00000000c0000000, 0x00000000cc400000, 0x00000000eab00000)
  object space 200704K, 90% used [0x00000000c0000000,0x00000000cb1854b0,0x00000000cc400000)
 Metaspace       used 132452K, capacity 149572K, committed 149840K, reserved 1177600K
  class space    used 16680K, capacity 21556K, committed 21632K, reserved 1048576K
}
Event: 2285.685 GC heap before
{Heap before GC invocations=97 (full 5):
 PSYoungGen      total 137728K, used 137587K [0x00000000eab00000, 0x00000000f6580000, 0x0000000100000000)
  eden space 124416K, 100% used [0x00000000eab00000,0x00000000f2480000,0x00000000f2480000)
  from space 13312K, 98% used [0x00000000f2900000,0x00000000f35dcc98,0x00000000f3600000)
  to   space 33280K, 0% used [0x00000000f4500000,0x00000000f4500000,0x00000000f6580000)
 ParOldGen       total 200704K, used 181781K [0x00000000c0000000, 0x00000000cc400000, 0x00000000eab00000)
  object space 200704K, 90% used [0x00000000c0000000,0x00000000cb1854b0,0x00000000cc400000)
 Metaspace       used 132452K, capacity 149572K, committed 149840K, reserved 1177600K
  class space    used 16680K, capacity 21556K, committed 21632K, reserved 1048576K
Event: 2285.705 GC heap after
Heap after GC invocations=97 (full 5):
 PSYoungGen      total 147456K, used 14605K [0x00000000eab00000, 0x00000000f6000000, 0x0000000100000000)
  eden space 119808K, 0% used [0x00000000eab00000,0x00000000eab00000,0x00000000f2000000)
  from space 27648K, 52% used [0x00000000f4500000,0x00000000f53435b0,0x00000000f6000000)
  to   space 32768K, 0% used [0x00000000f2000000,0x00000000f2000000,0x00000000f4000000)
 ParOldGen       total 200704K, used 182049K [0x00000000c0000000, 0x00000000cc400000, 0x00000000eab00000)
  object space 200704K, 90% used [0x00000000c0000000,0x00000000cb1c84e0,0x00000000cc400000)
 Metaspace       used 132452K, capacity 149572K, committed 149840K, reserved 1177600K
  class space    used 16680K, capacity 21556K, committed 21632K, reserved 1048576K
}
Event: 2313.138 GC heap before
{Heap before GC invocations=98 (full 5):
 PSYoungGen      total 147456K, used 134413K [0x00000000eab00000, 0x00000000f6000000, 0x0000000100000000)
  eden space 119808K, 100% used [0x00000000eab00000,0x00000000f2000000,0x00000000f2000000)
  from space 27648K, 52% used [0x00000000f4500000,0x00000000f53435b0,0x00000000f6000000)
  to   space 32768K, 0% used [0x00000000f2000000,0x00000000f2000000,0x00000000f4000000)
 ParOldGen       total 200704K, used 182049K [0x00000000c0000000, 0x00000000cc400000, 0x00000000eab00000)
  object space 200704K, 90% used [0x00000000c0000000,0x00000000cb1c84e0,0x00000000cc400000)
 Metaspace       used 132523K, capacity 149676K, committed 149840K, reserved 1177600K
  class space    used 16695K, capacity 21572K, committed 21632K, reserved 1048576K
Event: 2313.192 GC heap after
Heap after GC invocations=98 (full 5):
 PSYoungGen      total 129024K, used 13163K [0x00000000eab00000, 0x00000000f5a00000, 0x0000000100000000)
  eden space 115712K, 0% used [0x00000000eab00000,0x00000000eab00000,0x00000000f1c00000)
  from space 13312K, 98% used [0x00000000f2000000,0x00000000f2cdade8,0x00000000f2d00000)
  to   space 31744K, 0% used [0x00000000f3b00000,0x00000000f3b00000,0x00000000f5a00000)
 ParOldGen       total 200704K, used 183101K [0x00000000c0000000, 0x00000000cc400000, 0x00000000eab00000)
  object space 200704K, 91% used [0x00000000c0000000,0x00000000cb2cf7f0,0x00000000cc400000)
 Metaspace       used 132523K, capacity 149676K, committed 149840K, reserved 1177600K
  class space    used 16695K, capacity 21572K, committed 21632K, reserved 1048576K
}
Event: 2374.874 GC heap before
{Heap before GC invocations=99 (full 5):
 PSYoungGen      total 129024K, used 128875K [0x00000000eab00000, 0x00000000f5a00000, 0x0000000100000000)
  eden space 115712K, 100% used [0x00000000eab00000,0x00000000f1c00000,0x00000000f1c00000)
  from space 13312K, 98% used [0x00000000f2000000,0x00000000f2cdade8,0x00000000f2d00000)
  to   space 31744K, 0% used [0x00000000f3b00000,0x00000000f3b00000,0x00000000f5a00000)
 ParOldGen       total 200704K, used 183101K [0x00000000c0000000, 0x00000000cc400000, 0x00000000eab00000)
  object space 200704K, 91% used [0x00000000c0000000,0x00000000cb2cf7f0,0x00000000cc400000)
 Metaspace       used 132550K, capacity 149696K, committed 149840K, reserved 1177600K
  class space    used 16702K, capacity 21580K, committed 21632K, reserved 1048576K
Event: 2374.918 GC heap after
Heap after GC invocations=99 (full 5):
 PSYoungGen      total 137216K, used 16203K [0x00000000eab00000, 0x00000000f5400000, 0x0000000100000000)
  eden space 111616K, 0% used [0x00000000eab00000,0x00000000eab00000,0x00000000f1800000)
  from space 25600K, 63% used [0x00000000f3b00000,0x00000000f4ad2cc8,0x00000000f5400000)
  to   space 30720K, 0% used [0x00000000f1800000,0x00000000f1800000,0x00000000f3600000)
 ParOldGen       total 200704K, used 183510K [0x00000000c0000000, 0x00000000cc400000, 0x00000000eab00000)
  object space 200704K, 91% used [0x00000000c0000000,0x00000000cb335830,0x00000000cc400000)
 Metaspace       used 132550K, capacity 149696K, committed 149840K, reserved 1177600K
  class space    used 16702K, capacity 21580K, committed 21632K, reserved 1048576K
}

