# JRE version: Java(TM) SE Runtime Environment (8.0_91-b14) (build 1.8.0_91-b14)
# Java VM: Java HotSpot(TM) 64-Bit Server VM (25.91-b14 mixed mode linux-amd64 compressed oops)
Heap:
 PSYoungGen      total 510976K, used 376862K [0x00000000d6c00000, 0x00000000fc580000, 0x0000000100000000)
  eden space 484864K, 72% used [0x00000000d6c00000,0x00000000ec28c430,0x00000000f4580000)
  from space 26112K, 99% used [0x00000000f4580000,0x00000000f5efb580,0x00000000f5f00000)
  to   space 33280K, 0% used [0x00000000fa500000,0x00000000fa500000,0x00000000fc580000)
 ParOldGen       total 181760K, used 69064K [0x0000000084400000, 0x000000008f580000, 0x00000000d6c00000)
  object space 181760K, 37% used [0x0000000084400000,0x00000000887722d0,0x000000008f580000)
 Metaspace       used 81982K, capacity 92312K, committed 92632K, reserved 1128448K
  class space    used 10441K, capacity 13455K, committed 13568K, reserved 1048576K
GC Heap History (10 events):
Event: 23.243 GC heap before
{Heap before GC invocations=14 (full 2):
 PSYoungGen      total 406528K, used 390144K [0x00000000d6c00000, 0x00000000f1e00000, 0x0000000100000000)
  eden space 390144K, 100% used [0x00000000d6c00000,0x00000000ee900000,0x00000000ee900000)
  from space 16384K, 0% used [0x00000000ee900000,0x00000000ee900000,0x00000000ef900000)
  to   space 16384K, 0% used [0x00000000f0e00000,0x00000000f0e00000,0x00000000f1e00000)
 ParOldGen       total 115200K, used 31152K [0x0000000084400000, 0x000000008b480000, 0x00000000d6c00000)
  object space 115200K, 27% used [0x0000000084400000,0x000000008626c140,0x000000008b480000)
 Metaspace       used 46905K, capacity 51940K, committed 52096K, reserved 1093632K
  class space    used 5848K, capacity 7254K, committed 7296K, reserved 1048576K
Event: 23.281 GC heap after
Heap after GC invocations=14 (full 2):
 PSYoungGen      total 427008K, used 13735K [0x00000000d6c00000, 0x00000000f5400000, 0x0000000100000000)
  eden space 410624K, 0% used [0x00000000d6c00000,0x00000000d6c00000,0x00000000efd00000)
  from space 16384K, 83% used [0x00000000f0e00000,0x00000000f1b69d30,0x00000000f1e00000)
  to   space 17408K, 0% used [0x00000000efd00000,0x00000000efd00000,0x00000000f0e00000)
 ParOldGen       total 115200K, used 31160K [0x0000000084400000, 0x000000008b480000, 0x00000000d6c00000)
  object space 115200K, 27% used [0x0000000084400000,0x000000008626e140,0x000000008b480000)
 Metaspace       used 46905K, capacity 51940K, committed 52096K, reserved 1093632K
  class space    used 5848K, capacity 7254K, committed 7296K, reserved 1048576K
}
Event: 28.021 GC heap before
{Heap before GC invocations=15 (full 2):
 PSYoungGen      total 427008K, used 260249K [0x00000000d6c00000, 0x00000000f5400000, 0x0000000100000000)
  eden space 410624K, 60% used [0x00000000d6c00000,0x00000000e5cbc8d8,0x00000000efd00000)
  from space 16384K, 83% used [0x00000000f0e00000,0x00000000f1b69d30,0x00000000f1e00000)
  to   space 17408K, 0% used [0x00000000efd00000,0x00000000efd00000,0x00000000f0e00000)
 ParOldGen       total 115200K, used 31160K [0x0000000084400000, 0x000000008b480000, 0x00000000d6c00000)
  object space 115200K, 27% used [0x0000000084400000,0x000000008626e140,0x000000008b480000)
 Metaspace       used 53296K, capacity 59000K, committed 59096K, reserved 1099776K
  class space    used 6793K, capacity 8414K, committed 8448K, reserved 1048576K
Event: 28.136 GC heap after
Heap after GC invocations=15 (full 2):
 PSYoungGen      total 428032K, used 17402K [0x00000000d6c00000, 0x00000000f7e00000, 0x0000000100000000)
  eden space 410624K, 0% used [0x00000000d6c00000,0x00000000d6c00000,0x00000000efd00000)
  from space 17408K, 99% used [0x00000000efd00000,0x00000000f0dfea90,0x00000000f0e00000)
  to   space 24576K, 0% used [0x00000000f6600000,0x00000000f6600000,0x00000000f7e00000)
 ParOldGen       total 115200K, used 45204K [0x0000000084400000, 0x000000008b480000, 0x00000000d6c00000)
  object space 115200K, 39% used [0x0000000084400000,0x00000000870251f8,0x000000008b480000)
 Metaspace       used 53296K, capacity 59000K, committed 59096K, reserved 1099776K
  class space    used 6793K, capacity 8414K, committed 8448K, reserved 1048576K
}
Event: 28.136 GC heap before
{Heap before GC invocations=16 (full 3):
 PSYoungGen      total 428032K, used 17402K [0x00000000d6c00000, 0x00000000f7e00000, 0x0000000100000000)
  eden space 410624K, 0% used [0x00000000d6c00000,0x00000000d6c00000,0x00000000efd00000)
  from space 17408K, 99% used [0x00000000efd00000,0x00000000f0dfea90,0x00000000f0e00000)
  to   space 24576K, 0% used [0x00000000f6600000,0x00000000f6600000,0x00000000f7e00000)
 ParOldGen       total 115200K, used 45204K [0x0000000084400000, 0x000000008b480000, 0x00000000d6c00000)
  object space 115200K, 39% used [0x0000000084400000,0x00000000870251f8,0x000000008b480000)
 Metaspace       used 53296K, capacity 59000K, committed 59096K, reserved 1099776K
  class space    used 6793K, capacity 8414K, committed 8448K, reserved 1048576K
Event: 28.963 GC heap after
Heap after GC invocations=16 (full 3):
 PSYoungGen      total 428032K, used 0K [0x00000000d6c00000, 0x00000000f7e00000, 0x0000000100000000)
  eden space 410624K, 0% used [0x00000000d6c00000,0x00000000d6c00000,0x00000000efd00000)
  from space 17408K, 0% used [0x00000000efd00000,0x00000000efd00000,0x00000000f0e00000)
  to   space 24576K, 0% used [0x00000000f6600000,0x00000000f6600000,0x00000000f7e00000)
 ParOldGen       total 181760K, used 59422K [0x0000000084400000, 0x000000008f580000, 0x00000000d6c00000)
  object space 181760K, 32% used [0x0000000084400000,0x0000000087e07b20,0x000000008f580000)
 Metaspace       used 53296K, capacity 59000K, committed 59096K, reserved 1099776K
  class space    used 6793K, capacity 8414K, committed 8448K, reserved 1048576K
}
Event: 33.730 GC heap before
{Heap before GC invocations=17 (full 3):
 PSYoungGen      total 428032K, used 410624K [0x00000000d6c00000, 0x00000000f7e00000, 0x0000000100000000)
  eden space 410624K, 100% used [0x00000000d6c00000,0x00000000efd00000,0x00000000efd00000)
  from space 17408K, 0% used [0x00000000efd00000,0x00000000efd00000,0x00000000f0e00000)
  to   space 24576K, 0% used [0x00000000f6600000,0x00000000f6600000,0x00000000f7e00000)
 ParOldGen       total 181760K, used 59422K [0x0000000084400000, 0x000000008f580000, 0x00000000d6c00000)
  object space 181760K, 32% used [0x0000000084400000,0x0000000087e07b20,0x000000008f580000)
 Metaspace       used 63447K, capacity 71604K, committed 71896K, reserved 1110016K
  class space    used 8159K, capacity 10647K, committed 10752K, reserved 1048576K
Event: 33.807 GC heap after
Heap after GC invocations=17 (full 3):
 PSYoungGen      total 495104K, used 18840K [0x00000000d6c00000, 0x00000000f7880000, 0x0000000100000000)
  eden space 476160K, 0% used [0x00000000d6c00000,0x00000000d6c00000,0x00000000f3d00000)
  from space 18944K, 99% used [0x00000000f6600000,0x00000000f7866150,0x00000000f7880000)
  to   space 26112K, 0% used [0x00000000f4580000,0x00000000f4580000,0x00000000f5f00000)
 ParOldGen       total 181760K, used 59430K [0x0000000084400000, 0x000000008f580000, 0x00000000d6c00000)
  object space 181760K, 32% used [0x0000000084400000,0x0000000087e09b20,0x000000008f580000)
 Metaspace       used 63447K, capacity 71604K, committed 71896K, reserved 1110016K
  class space    used 8159K, capacity 10647K, committed 10752K, reserved 1048576K
}
Event: 38.421 GC heap before
{Heap before GC invocations=18 (full 3):
 PSYoungGen      total 495104K, used 495000K [0x00000000d6c00000, 0x00000000f7880000, 0x0000000100000000)
  eden space 476160K, 100% used [0x00000000d6c00000,0x00000000f3d00000,0x00000000f3d00000)
  from space 18944K, 99% used [0x00000000f6600000,0x00000000f7866150,0x00000000f7880000)
  to   space 26112K, 0% used [0x00000000f4580000,0x00000000f4580000,0x00000000f5f00000)
 ParOldGen       total 181760K, used 59430K [0x0000000084400000, 0x000000008f580000, 0x00000000d6c00000)
  object space 181760K, 32% used [0x0000000084400000,0x0000000087e09b20,0x000000008f580000)
 Metaspace       used 78161K, capacity 88352K, committed 88536K, reserved 1124352K
  class space    used 10021K, capacity 13025K, committed 13056K, reserved 1048576K
Event: 38.490 GC heap after
Heap after GC invocations=18 (full 3):
 PSYoungGen      total 510976K, used 26093K [0x00000000d6c00000, 0x00000000fc580000, 0x0000000100000000)
  eden space 484864K, 0% used [0x00000000d6c00000,0x00000000d6c00000,0x00000000f4580000)
  from space 26112K, 99% used [0x00000000f4580000,0x00000000f5efb580,0x00000000f5f00000)
  to   space 33280K, 0% used [0x00000000fa500000,0x00000000fa500000,0x00000000fc580000)
 ParOldGen       total 181760K, used 69064K [0x0000000084400000, 0x000000008f580000, 0x00000000d6c00000)
  object space 181760K, 37% used [0x0000000084400000,0x00000000887722d0,0x000000008f580000)
 Metaspace       used 78161K, capacity 88352K, committed 88536K, reserved 1124352K
  class space    used 10021K, capacity 13025K, committed 13056K, reserved 1048576K
}

