# JRE version: Java(TM) SE Runtime Environment (8.0_91-b15) (build 1.8.0_91-b15)
# Java VM: Java HotSpot(TM) Server VM (25.91-b15 mixed mode windows-x86 )
Heap:
 PSYoungGen      total 217856K, used 104754K [0x2f0c0000, 0x3d840000, 0x3da00000)
  eden space 200704K, 47% used [0x2f0c0000,0x34e0bf18,0x3b4c0000)
  from space 17152K, 53% used [0x3b4c0000,0x3bdc0b48,0x3c580000)
  to   space 16640K, 0% used [0x3c800000,0x3c800000,0x3d840000)
 ParOldGen       total 321024K, used 204681K [0x11e00000, 0x25780000, 0x2f0c0000)
  object space 321024K, 63% used [0x11e00000,0x1e5e2468,0x25780000)
 Metaspace       used 105490K, capacity 114468K, committed 115584K, reserved 116096K
GC Heap History (10 events):
Event: 346.469 GC heap before
{Heap before GC invocations=145 (full 6):
 PSYoungGen      total 214528K, used 199780K [0x2f0c0000, 0x3d700000, 0x3da00000)
  eden space 192512K, 100% used [0x2f0c0000,0x3acc0000,0x3acc0000)
  from space 22016K, 33% used [0x3c180000,0x3c8990b0,0x3d700000)
  to   space 21248K, 0% used [0x3acc0000,0x3acc0000,0x3c180000)
 ParOldGen       total 321024K, used 204137K [0x11e00000, 0x25780000, 0x2f0c0000)
  object space 321024K, 63% used [0x11e00000,0x1e55a468,0x25780000)
 Metaspace       used 103788K, capacity 112469K, committed 113664K, reserved 114048K
Event: 346.489 GC heap after
Heap after GC invocations=145 (full 6):
 PSYoungGen      total 213760K, used 7370K [0x2f0c0000, 0x3d6c0000, 0x3da00000)
  eden space 192512K, 0% used [0x2f0c0000,0x2f0c0000,0x3acc0000)
  from space 21248K, 34% used [0x3acc0000,0x3b3f29e0,0x3c180000)
  to   space 19968K, 0% used [0x3c340000,0x3c340000,0x3d6c0000)
 ParOldGen       total 321024K, used 204149K [0x11e00000, 0x25780000, 0x2f0c0000)
  object space 321024K, 63% used [0x11e00000,0x1e55d468,0x25780000)
 Metaspace       used 103788K, capacity 112469K, committed 113664K, reserved 114048K
}
Event: 348.003 GC heap before
{Heap before GC invocations=146 (full 6):
 PSYoungGen      total 213760K, used 199882K [0x2f0c0000, 0x3d6c0000, 0x3da00000)
  eden space 192512K, 100% used [0x2f0c0000,0x3acc0000,0x3acc0000)
  from space 21248K, 34% used [0x3acc0000,0x3b3f29e0,0x3c180000)
  to   space 19968K, 0% used [0x3c340000,0x3c340000,0x3d6c0000)
 ParOldGen       total 321024K, used 204149K [0x11e00000, 0x25780000, 0x2f0c0000)
  object space 321024K, 63% used [0x11e00000,0x1e55d468,0x25780000)
 Metaspace       used 103919K, capacity 112631K, committed 113792K, reserved 114048K
Event: 348.028 GC heap after
Heap after GC invocations=146 (full 6):
 PSYoungGen      total 216576K, used 8006K [0x2f0c0000, 0x3d6c0000, 0x3da00000)
  eden space 196608K, 0% used [0x2f0c0000,0x2f0c0000,0x3b0c0000)
  from space 19968K, 40% used [0x3c340000,0x3cb11ad0,0x3d6c0000)
  to   space 18944K, 0% used [0x3b0c0000,0x3b0c0000,0x3c340000)
 ParOldGen       total 321024K, used 204177K [0x11e00000, 0x25780000, 0x2f0c0000)
  object space 321024K, 63% used [0x11e00000,0x1e564468,0x25780000)
 Metaspace       used 103919K, capacity 112631K, committed 113792K, reserved 114048K
}
Event: 349.534 GC heap before
{Heap before GC invocations=147 (full 6):
 PSYoungGen      total 216576K, used 204614K [0x2f0c0000, 0x3d6c0000, 0x3da00000)
  eden space 196608K, 100% used [0x2f0c0000,0x3b0c0000,0x3b0c0000)
  from space 19968K, 40% used [0x3c340000,0x3cb11ad0,0x3d6c0000)
  to   space 18944K, 0% used [0x3b0c0000,0x3b0c0000,0x3c340000)
 ParOldGen       total 321024K, used 204177K [0x11e00000, 0x25780000, 0x2f0c0000)
  object space 321024K, 63% used [0x11e00000,0x1e564468,0x25780000)
 Metaspace       used 104207K, capacity 112897K, committed 114176K, reserved 115072K
Event: 349.562 GC heap after
Heap after GC invocations=147 (full 6):
 PSYoungGen      total 215552K, used 8128K [0x2f0c0000, 0x3d700000, 0x3da00000)
  eden space 196608K, 0% used [0x2f0c0000,0x2f0c0000,0x3b0c0000)
  from space 18944K, 42% used [0x3b0c0000,0x3b8b01c0,0x3c340000)
  to   space 17920K, 0% used [0x3c580000,0x3c580000,0x3d700000)
 ParOldGen       total 321024K, used 204193K [0x11e00000, 0x25780000, 0x2f0c0000)
  object space 321024K, 63% used [0x11e00000,0x1e568468,0x25780000)
 Metaspace       used 104207K, capacity 112897K, committed 114176K, reserved 115072K
}
Event: 351.254 GC heap before
{Heap before GC invocations=148 (full 6):
 PSYoungGen      total 215552K, used 204736K [0x2f0c0000, 0x3d700000, 0x3da00000)
  eden space 196608K, 100% used [0x2f0c0000,0x3b0c0000,0x3b0c0000)
  from space 18944K, 42% used [0x3b0c0000,0x3b8b01c0,0x3c340000)
  to   space 17920K, 0% used [0x3c580000,0x3c580000,0x3d700000)
 ParOldGen       total 321024K, used 204193K [0x11e00000, 0x25780000, 0x2f0c0000)
  object space 321024K, 63% used [0x11e00000,0x1e568468,0x25780000)
 Metaspace       used 104428K, capacity 113153K, committed 114432K, reserved 115072K
Event: 351.293 GC heap after
Heap after GC invocations=148 (full 6):
 PSYoungGen      total 218624K, used 8976K [0x2f0c0000, 0x3d780000, 0x3da00000)
  eden space 200704K, 0% used [0x2f0c0000,0x2f0c0000,0x3b4c0000)
  from space 17920K, 50% used [0x3c580000,0x3ce44208,0x3d700000)
  to   space 17152K, 0% used [0x3b4c0000,0x3b4c0000,0x3c580000)
 ParOldGen       total 321024K, used 204597K [0x11e00000, 0x25780000, 0x2f0c0000)
  object space 321024K, 63% used [0x11e00000,0x1e5cd468,0x25780000)
 Metaspace       used 104428K, capacity 113153K, committed 114432K, reserved 115072K
}
Event: 367.132 GC heap before
{Heap before GC invocations=149 (full 6):
 PSYoungGen      total 218624K, used 209680K [0x2f0c0000, 0x3d780000, 0x3da00000)
  eden space 200704K, 100% used [0x2f0c0000,0x3b4c0000,0x3b4c0000)
  from space 17920K, 50% used [0x3c580000,0x3ce44208,0x3d700000)
  to   space 17152K, 0% used [0x3b4c0000,0x3b4c0000,0x3c580000)
 ParOldGen       total 321024K, used 204597K [0x11e00000, 0x25780000, 0x2f0c0000)
  object space 321024K, 63% used [0x11e00000,0x1e5cd468,0x25780000)
 Metaspace       used 104823K, capacity 113588K, committed 114816K, reserved 115072K
Event: 367.160 GC heap after
Heap after GC invocations=149 (full 6):
 PSYoungGen      total 217856K, used 9218K [0x2f0c0000, 0x3d840000, 0x3da00000)
  eden space 200704K, 0% used [0x2f0c0000,0x2f0c0000,0x3b4c0000)
  from space 17152K, 53% used [0x3b4c0000,0x3bdc0b48,0x3c580000)
  to   space 16640K, 0% used [0x3c800000,0x3c800000,0x3d840000)
 ParOldGen       total 321024K, used 204681K [0x11e00000, 0x25780000, 0x2f0c0000)
  object space 321024K, 63% used [0x11e00000,0x1e5e2468,0x25780000)
 Metaspace       used 104823K, capacity 113588K, committed 114816K, reserved 115072K
}

